<?xml version="1.0" encoding="UTF-8"?>
<testExecutions version="1">
    <file path="E:\My Work\Shoppable\projects\internationalization\src\lib\services\i18n.service.spec.ts">
    </file>
    <file path="E:\My Work\Shoppable\projects\internationalization\src\lib\+store\i18n.effects.spec.ts">
    </file>
    <file path="E:\My Work\Shoppable\projects\internationalization\src\lib\helpers\i18n.helper.spec.ts">
    </file>
    <file path="E:\My Work\Shoppable\projects\internationalization\src\lib\+store\i18n.facade.spec.ts">
    </file>
    <file path="E:\My Work\Shoppable\projects\internationalization\src\lib\services\init.service.spec.ts">
    </file>
    <file path="E:\My Work\Shoppable\projects\internationalization\src\lib\+store\i18n.reducer.spec.ts">
    </file>
    <file path="E:\My Work\Shoppable\projects\internationalization\src\lib\components\lang-switcher\lang-switcher.component.spec.ts">
    </file>
</testExecutions>