<?xml version="1.0" encoding="UTF-8"?>
<testExecutions version="1">
    <file path="E:\My Work\Shoppable\projects\authentication\src\lib\+store\auth.reducer.spec.ts">
        <testCase name="authReducer undefined action should return the default state" duration="6"/>
        <testCase name="authReducer undefined action AUTHENTICATE `AUTHENTICATE_SUCCESS`, should add a user in the state" duration="8">
            <failure message="Error: expect(received).toMatchSnapshot()"><![CDATA[Error: expect(received).toMatchSnapshot()

Snapshot name: `authReducer undefined action AUTHENTICATE \`AUTHENTICATE_SUCCESS\`, should add a user in the state 1`

- Snapshot
+ Received

  Object {
    "authError": null,
    "loading": false,
    "user": User {
      "_token": "Bearer eyJhbGciOiJSUzI1NiIsImtpZCI6Ijc0Mzg3ZGUyMDUâ€¦pefWhy_e1w88oc5VLXiXCdJV_ovfM_MgaooA4-YJZ-2PIybmQ",
-     "_tokenExpirationDate": 2020-06-05T14:41:41.099Z,
+     "_tokenExpirationDate": 2020-06-05T14:42:29.349Z,
      "email": "test@email.com",
      "id": "mQe3Nr6egJdYBHg1ETwEOtzq4FM2",
    },
  }
    at E:\My Work\Shoppable\projects\authentication\src\lib\+store\auth.reducer.spec.ts:25:32
    at ZoneDelegate.Object.<anonymous>.ZoneDelegate.invoke (E:\My Work\Shoppable\node_modules\zone.js\dist\zone.js:386:30)
    at ProxyZoneSpec.Object.<anonymous>.ProxyZoneSpec.onInvoke (E:\My Work\Shoppable\node_modules\zone.js\dist\proxy.js:117:43)
    at ZoneDelegate.Object.<anonymous>.ZoneDelegate.invoke (E:\My Work\Shoppable\node_modules\zone.js\dist\zone.js:385:36)
    at Zone.Object.<anonymous>.Zone.run (E:\My Work\Shoppable\node_modules\zone.js\dist\zone.js:143:47)
    at Object.<anonymous> (E:\My Work\Shoppable\node_modules\jest-preset-angular\zone-patch\index.js:52:27)
    at Object.asyncJestTest (E:\My Work\Shoppable\node_modules\jest-jasmine2\build\jasmineAsyncInstall.js:102:37)
    at E:\My Work\Shoppable\node_modules\jest-jasmine2\build\queueRunner.js:43:12
    at new Promise (<anonymous>)
    at mapper (E:\My Work\Shoppable\node_modules\jest-jasmine2\build\queueRunner.js:26:19)
    at E:\My Work\Shoppable\node_modules\jest-jasmine2\build\queueRunner.js:73:41]]></failure>
        </testCase>
        <testCase name="authReducer undefined action `AUTHENTICATE_FAIL`, should add error in the state if there is error" duration="1"/>
        <testCase name="authReducer LOGIN/SIGNUP `LOGIN_START`, should set loading to true in state" duration="0"/>
        <testCase name="authReducer `SIGNUP_START`, should set Loading to false in state" duration="1"/>
        <testCase name="authReducer LOGOUT should user state to initial state" duration="1"/>
        <testCase name="authReducer CLEAR_ERROR should reset state to initial state" duration="1"/>
        <testCase name="authReducer AUTO_LOGIN should reset state to initial state" duration="0"/>
    </file>
    <file path="E:\My Work\Shoppable\projects\authentication\src\lib\authentication.module.spec.ts">
        <testCase name="UserModule should create an instance" duration="1"/>
    </file>
    <file path="E:\My Work\Shoppable\projects\authentication\src\lib\+store\auth.facade.spec.ts">
        <testCase name="UserFacade should be created" duration="31"/>
        <testCase name="UserFacade should dispatch a authActions.AUTHENTICATE_SUCCESS action when AuthSuccess is called" duration="12"/>
        <testCase name="UserFacade should dispatch a authActions.LOGOUT action when Logout is called" duration="11"/>
        <testCase name="UserFacade should dispatch a authActions.LOGIN_START action when Logout is called" duration="9"/>
        <testCase name="UserFacade should dispatch a authActions.AUTHENTICATE_FAIL action when AuthFail is called" duration="11"/>
        <testCase name="UserFacade should dispatch a authActions.SIGNUP_START action when SignupStart is called" duration="15"/>
        <testCase name="UserFacade should dispatch a authActions.CLEAR_ERROR action when ClearError is called" duration="8"/>
        <testCase name="UserFacade should dispatch a authActions.AUTO_LOGIN action when AutoLogin is called" duration="6"/>
    </file>
    <file path="E:\My Work\Shoppable\projects\authentication\src\lib\helpers\handleError.spec.ts">
        <testCase name="HandleError HandleError on login should extract Wrong credentials, please try again ! from response `handleError`" duration="1"/>
        <testCase name="HandleError HanldeError on Register should extract Email is already in use ! from response `handleError`" duration="1"/>
        <testCase name="HandleError HanldeError on Register should extract Passwords must match ! from response `handleError`" duration="0"/>
        <testCase name="HandleError HanldeError on Register should extract This handle is already taken ! from response `handleError`" duration="5"/>
    </file>
    <file path="E:\My Work\Shoppable\projects\authentication\src\lib\guards\auth.guard.spec.ts">
        <testCase name="local-storage dummy local-storage dummy" duration="1"/>
    </file>
    <file path="E:\My Work\Shoppable\projects\authentication\src\lib\helpers\local-storage.helper.spec.ts">
        <testCase name="local-storage dummy local-storage dummy" duration="1"/>
    </file>
    <file path="E:\My Work\Shoppable\projects\authentication\src\lib\+store\auth.effects.spec.ts">
        <testCase name="local-storage dummy local-storage dummy" duration="1"/>
    </file>
    <file path="E:\My Work\Shoppable\projects\authentication\Storyshots.spec.ts">
    </file>
</testExecutions>